INFO: [VRFC 10-2263] Analyzing Verilog file "C:/Users/raffy/Documents/Vivado_projects/ProgettoV3/project_pix/project_pix.sim/sim_1/impl/func/xsim/TB_TOP_PIX_func_impl.v" into library xil_defaultlib
INFO: [VRFC 10-311] analyzing module ADDER12
INFO: [VRFC 10-311] analyzing module ADDER12_20
INFO: [VRFC 10-311] analyzing module ADDER12_204
INFO: [VRFC 10-311] analyzing module ADDER12_218
INFO: [VRFC 10-311] analyzing module ADDER12_413
INFO: [VRFC 10-311] analyzing module ADDER12_427
INFO: [VRFC 10-311] analyzing module ADDER20
INFO: [VRFC 10-311] analyzing module ADDER20_126
INFO: [VRFC 10-311] analyzing module ADDER20_158
INFO: [VRFC 10-311] analyzing module ADDER20_242
INFO: [VRFC 10-311] analyzing module ADDER20_287
INFO: [VRFC 10-311] analyzing module ADDER20_332
INFO: [VRFC 10-311] analyzing module ADDER20_366
INFO: [VRFC 10-311] analyzing module ADDER20_451
INFO: [VRFC 10-311] analyzing module ADDER20_496
INFO: [VRFC 10-311] analyzing module ADDER20_541
INFO: [VRFC 10-311] analyzing module ADDER20_575
INFO: [VRFC 10-311] analyzing module ADDER20_81
INFO: [VRFC 10-311] analyzing module BUFFER_DECODE
INFO: [VRFC 10-311] analyzing module BUFFER_DECODE_0
INFO: [VRFC 10-311] analyzing module BUFFER_DECODE_3
INFO: [VRFC 10-311] analyzing module CARRY_SAVE
INFO: [VRFC 10-311] analyzing module CARRY_SAVE4_8
INFO: [VRFC 10-311] analyzing module CARRY_SAVE4_8_199
INFO: [VRFC 10-311] analyzing module CARRY_SAVE4_8_200
INFO: [VRFC 10-311] analyzing module CARRY_SAVE4_8_408
INFO: [VRFC 10-311] analyzing module CARRY_SAVE4_8_409
INFO: [VRFC 10-311] analyzing module CARRY_SAVE4_8_8
INFO: [VRFC 10-311] analyzing module CARRY_SAVE_113
INFO: [VRFC 10-311] analyzing module CARRY_SAVE_229
INFO: [VRFC 10-311] analyzing module CARRY_SAVE_274
INFO: [VRFC 10-311] analyzing module CARRY_SAVE_3
INFO: [VRFC 10-311] analyzing module CARRY_SAVE_319
INFO: [VRFC 10-311] analyzing module CARRY_SAVE_3_194
INFO: [VRFC 10-311] analyzing module CARRY_SAVE_3_403
INFO: [VRFC 10-311] analyzing module CARRY_SAVE_438
INFO: [VRFC 10-311] analyzing module CARRY_SAVE_483
INFO: [VRFC 10-311] analyzing module CARRY_SAVE_528
INFO: [VRFC 10-311] analyzing module CARRY_SAVE_68
INFO: [VRFC 10-311] analyzing module FA
INFO: [VRFC 10-311] analyzing module FA_100
INFO: [VRFC 10-311] analyzing module FA_101
INFO: [VRFC 10-311] analyzing module FA_102
INFO: [VRFC 10-311] analyzing module FA_103
INFO: [VRFC 10-311] analyzing module FA_104
INFO: [VRFC 10-311] analyzing module FA_105
INFO: [VRFC 10-311] analyzing module FA_106
INFO: [VRFC 10-311] analyzing module FA_107
INFO: [VRFC 10-311] analyzing module FA_108
INFO: [VRFC 10-311] analyzing module FA_109
INFO: [VRFC 10-311] analyzing module FA_11
INFO: [VRFC 10-311] analyzing module FA_110
INFO: [VRFC 10-311] analyzing module FA_111
INFO: [VRFC 10-311] analyzing module FA_112
INFO: [VRFC 10-311] analyzing module FA_12
INFO: [VRFC 10-311] analyzing module FA_13
INFO: [VRFC 10-311] analyzing module FA_132
INFO: [VRFC 10-311] analyzing module FA_133
INFO: [VRFC 10-311] analyzing module FA_134
INFO: [VRFC 10-311] analyzing module FA_135
INFO: [VRFC 10-311] analyzing module FA_136
INFO: [VRFC 10-311] analyzing module FA_137
INFO: [VRFC 10-311] analyzing module FA_138
INFO: [VRFC 10-311] analyzing module FA_139
INFO: [VRFC 10-311] analyzing module FA_14
INFO: [VRFC 10-311] analyzing module FA_140
INFO: [VRFC 10-311] analyzing module FA_141
INFO: [VRFC 10-311] analyzing module FA_142
INFO: [VRFC 10-311] analyzing module FA_143
INFO: [VRFC 10-311] analyzing module FA_144
INFO: [VRFC 10-311] analyzing module FA_145
INFO: [VRFC 10-311] analyzing module FA_146
INFO: [VRFC 10-311] analyzing module FA_147
INFO: [VRFC 10-311] analyzing module FA_148
INFO: [VRFC 10-311] analyzing module FA_149
INFO: [VRFC 10-311] analyzing module FA_15
INFO: [VRFC 10-311] analyzing module FA_150
INFO: [VRFC 10-311] analyzing module FA_151
INFO: [VRFC 10-311] analyzing module FA_152
INFO: [VRFC 10-311] analyzing module FA_153
INFO: [VRFC 10-311] analyzing module FA_154
INFO: [VRFC 10-311] analyzing module FA_155
INFO: [VRFC 10-311] analyzing module FA_156
INFO: [VRFC 10-311] analyzing module FA_157
INFO: [VRFC 10-311] analyzing module FA_16
INFO: [VRFC 10-311] analyzing module FA_164
INFO: [VRFC 10-311] analyzing module FA_165
INFO: [VRFC 10-311] analyzing module FA_166
INFO: [VRFC 10-311] analyzing module FA_167
INFO: [VRFC 10-311] analyzing module FA_168
INFO: [VRFC 10-311] analyzing module FA_169
INFO: [VRFC 10-311] analyzing module FA_170
INFO: [VRFC 10-311] analyzing module FA_171
INFO: [VRFC 10-311] analyzing module FA_172
INFO: [VRFC 10-311] analyzing module FA_173
INFO: [VRFC 10-311] analyzing module FA_174
INFO: [VRFC 10-311] analyzing module FA_175
INFO: [VRFC 10-311] analyzing module FA_176
INFO: [VRFC 10-311] analyzing module FA_177
INFO: [VRFC 10-311] analyzing module FA_178
INFO: [VRFC 10-311] analyzing module FA_179
INFO: [VRFC 10-311] analyzing module FA_180
INFO: [VRFC 10-311] analyzing module FA_181
INFO: [VRFC 10-311] analyzing module FA_208
INFO: [VRFC 10-311] analyzing module FA_209
INFO: [VRFC 10-311] analyzing module FA_210
INFO: [VRFC 10-311] analyzing module FA_211
INFO: [VRFC 10-311] analyzing module FA_212
INFO: [VRFC 10-311] analyzing module FA_213
INFO: [VRFC 10-311] analyzing module FA_214
INFO: [VRFC 10-311] analyzing module FA_222
INFO: [VRFC 10-311] analyzing module FA_223
INFO: [VRFC 10-311] analyzing module FA_224
INFO: [VRFC 10-311] analyzing module FA_225
INFO: [VRFC 10-311] analyzing module FA_226
INFO: [VRFC 10-311] analyzing module FA_227
INFO: [VRFC 10-311] analyzing module FA_228
INFO: [VRFC 10-311] analyzing module FA_24
INFO: [VRFC 10-311] analyzing module FA_248
INFO: [VRFC 10-311] analyzing module FA_249
INFO: [VRFC 10-311] analyzing module FA_25
INFO: [VRFC 10-311] analyzing module FA_250
INFO: [VRFC 10-311] analyzing module FA_251
INFO: [VRFC 10-311] analyzing module FA_252
INFO: [VRFC 10-311] analyzing module FA_253
INFO: [VRFC 10-311] analyzing module FA_254
INFO: [VRFC 10-311] analyzing module FA_255
INFO: [VRFC 10-311] analyzing module FA_256
INFO: [VRFC 10-311] analyzing module FA_257
INFO: [VRFC 10-311] analyzing module FA_258
INFO: [VRFC 10-311] analyzing module FA_259
INFO: [VRFC 10-311] analyzing module FA_26
INFO: [VRFC 10-311] analyzing module FA_260
INFO: [VRFC 10-311] analyzing module FA_261
INFO: [VRFC 10-311] analyzing module FA_262
INFO: [VRFC 10-311] analyzing module FA_263
INFO: [VRFC 10-311] analyzing module FA_264
INFO: [VRFC 10-311] analyzing module FA_265
INFO: [VRFC 10-311] analyzing module FA_266
INFO: [VRFC 10-311] analyzing module FA_267
INFO: [VRFC 10-311] analyzing module FA_268
INFO: [VRFC 10-311] analyzing module FA_269
INFO: [VRFC 10-311] analyzing module FA_27
INFO: [VRFC 10-311] analyzing module FA_270
INFO: [VRFC 10-311] analyzing module FA_271
INFO: [VRFC 10-311] analyzing module FA_272
INFO: [VRFC 10-311] analyzing module FA_273
INFO: [VRFC 10-311] analyzing module FA_28
INFO: [VRFC 10-311] analyzing module FA_29
INFO: [VRFC 10-311] analyzing module FA_293
INFO: [VRFC 10-311] analyzing module FA_294
INFO: [VRFC 10-311] analyzing module FA_295
INFO: [VRFC 10-311] analyzing module FA_296
INFO: [VRFC 10-311] analyzing module FA_297
INFO: [VRFC 10-311] analyzing module FA_298
INFO: [VRFC 10-311] analyzing module FA_299
INFO: [VRFC 10-311] analyzing module FA_30
INFO: [VRFC 10-311] analyzing module FA_300
INFO: [VRFC 10-311] analyzing module FA_301
INFO: [VRFC 10-311] analyzing module FA_302
INFO: [VRFC 10-311] analyzing module FA_303
INFO: [VRFC 10-311] analyzing module FA_304
INFO: [VRFC 10-311] analyzing module FA_305
INFO: [VRFC 10-311] analyzing module FA_306
INFO: [VRFC 10-311] analyzing module FA_307
INFO: [VRFC 10-311] analyzing module FA_308
INFO: [VRFC 10-311] analyzing module FA_309
INFO: [VRFC 10-311] analyzing module FA_310
INFO: [VRFC 10-311] analyzing module FA_311
INFO: [VRFC 10-311] analyzing module FA_312
INFO: [VRFC 10-311] analyzing module FA_313
INFO: [VRFC 10-311] analyzing module FA_314
INFO: [VRFC 10-311] analyzing module FA_315
INFO: [VRFC 10-311] analyzing module FA_316
INFO: [VRFC 10-311] analyzing module FA_317
INFO: [VRFC 10-311] analyzing module FA_318
INFO: [VRFC 10-311] analyzing module FA_338
INFO: [VRFC 10-311] analyzing module FA_339
INFO: [VRFC 10-311] analyzing module FA_340
INFO: [VRFC 10-311] analyzing module FA_341
INFO: [VRFC 10-311] analyzing module FA_342
INFO: [VRFC 10-311] analyzing module FA_343
INFO: [VRFC 10-311] analyzing module FA_344
INFO: [VRFC 10-311] analyzing module FA_345
INFO: [VRFC 10-311] analyzing module FA_346
INFO: [VRFC 10-311] analyzing module FA_347
INFO: [VRFC 10-311] analyzing module FA_348
INFO: [VRFC 10-311] analyzing module FA_349
INFO: [VRFC 10-311] analyzing module FA_350
INFO: [VRFC 10-311] analyzing module FA_351
INFO: [VRFC 10-311] analyzing module FA_352
INFO: [VRFC 10-311] analyzing module FA_353
INFO: [VRFC 10-311] analyzing module FA_354
INFO: [VRFC 10-311] analyzing module FA_355
INFO: [VRFC 10-311] analyzing module FA_356
INFO: [VRFC 10-311] analyzing module FA_357
INFO: [VRFC 10-311] analyzing module FA_358
INFO: [VRFC 10-311] analyzing module FA_359
INFO: [VRFC 10-311] analyzing module FA_360
INFO: [VRFC 10-311] analyzing module FA_361
INFO: [VRFC 10-311] analyzing module FA_362
INFO: [VRFC 10-311] analyzing module FA_363
INFO: [VRFC 10-311] analyzing module FA_372
INFO: [VRFC 10-311] analyzing module FA_373
INFO: [VRFC 10-311] analyzing module FA_374
INFO: [VRFC 10-311] analyzing module FA_375
INFO: [VRFC 10-311] analyzing module FA_376
INFO: [VRFC 10-311] analyzing module FA_377
INFO: [VRFC 10-311] analyzing module FA_378
INFO: [VRFC 10-311] analyzing module FA_379
INFO: [VRFC 10-311] analyzing module FA_380
INFO: [VRFC 10-311] analyzing module FA_381
INFO: [VRFC 10-311] analyzing module FA_382
INFO: [VRFC 10-311] analyzing module FA_383
INFO: [VRFC 10-311] analyzing module FA_384
INFO: [VRFC 10-311] analyzing module FA_385
INFO: [VRFC 10-311] analyzing module FA_386
INFO: [VRFC 10-311] analyzing module FA_387
INFO: [VRFC 10-311] analyzing module FA_388
INFO: [VRFC 10-311] analyzing module FA_389
INFO: [VRFC 10-311] analyzing module FA_417
INFO: [VRFC 10-311] analyzing module FA_418
INFO: [VRFC 10-311] analyzing module FA_419
INFO: [VRFC 10-311] analyzing module FA_42
INFO: [VRFC 10-311] analyzing module FA_420
INFO: [VRFC 10-311] analyzing module FA_421
INFO: [VRFC 10-311] analyzing module FA_422
INFO: [VRFC 10-311] analyzing module FA_423
INFO: [VRFC 10-311] analyzing module FA_43
INFO: [VRFC 10-311] analyzing module FA_431
INFO: [VRFC 10-311] analyzing module FA_432
INFO: [VRFC 10-311] analyzing module FA_433
INFO: [VRFC 10-311] analyzing module FA_434
INFO: [VRFC 10-311] analyzing module FA_435
INFO: [VRFC 10-311] analyzing module FA_436
INFO: [VRFC 10-311] analyzing module FA_437
INFO: [VRFC 10-311] analyzing module FA_44
INFO: [VRFC 10-311] analyzing module FA_45
INFO: [VRFC 10-311] analyzing module FA_457
INFO: [VRFC 10-311] analyzing module FA_458
INFO: [VRFC 10-311] analyzing module FA_459
INFO: [VRFC 10-311] analyzing module FA_46
INFO: [VRFC 10-311] analyzing module FA_460
INFO: [VRFC 10-311] analyzing module FA_461
INFO: [VRFC 10-311] analyzing module FA_462
INFO: [VRFC 10-311] analyzing module FA_463
INFO: [VRFC 10-311] analyzing module FA_464
INFO: [VRFC 10-311] analyzing module FA_465
INFO: [VRFC 10-311] analyzing module FA_466
INFO: [VRFC 10-311] analyzing module FA_467
INFO: [VRFC 10-311] analyzing module FA_468
INFO: [VRFC 10-311] analyzing module FA_469
INFO: [VRFC 10-311] analyzing module FA_47
INFO: [VRFC 10-311] analyzing module FA_470
INFO: [VRFC 10-311] analyzing module FA_471
INFO: [VRFC 10-311] analyzing module FA_472
INFO: [VRFC 10-311] analyzing module FA_473
INFO: [VRFC 10-311] analyzing module FA_474
INFO: [VRFC 10-311] analyzing module FA_475
INFO: [VRFC 10-311] analyzing module FA_476
INFO: [VRFC 10-311] analyzing module FA_477
INFO: [VRFC 10-311] analyzing module FA_478
INFO: [VRFC 10-311] analyzing module FA_479
INFO: [VRFC 10-311] analyzing module FA_48
INFO: [VRFC 10-311] analyzing module FA_480
INFO: [VRFC 10-311] analyzing module FA_481
INFO: [VRFC 10-311] analyzing module FA_482
INFO: [VRFC 10-311] analyzing module FA_49
INFO: [VRFC 10-311] analyzing module FA_50
INFO: [VRFC 10-311] analyzing module FA_502
INFO: [VRFC 10-311] analyzing module FA_503
INFO: [VRFC 10-311] analyzing module FA_504
INFO: [VRFC 10-311] analyzing module FA_505
INFO: [VRFC 10-311] analyzing module FA_506
INFO: [VRFC 10-311] analyzing module FA_507
INFO: [VRFC 10-311] analyzing module FA_508
INFO: [VRFC 10-311] analyzing module FA_509
INFO: [VRFC 10-311] analyzing module FA_51
INFO: [VRFC 10-311] analyzing module FA_510
INFO: [VRFC 10-311] analyzing module FA_511
INFO: [VRFC 10-311] analyzing module FA_512
INFO: [VRFC 10-311] analyzing module FA_513
INFO: [VRFC 10-311] analyzing module FA_514
INFO: [VRFC 10-311] analyzing module FA_515
INFO: [VRFC 10-311] analyzing module FA_516
INFO: [VRFC 10-311] analyzing module FA_517
INFO: [VRFC 10-311] analyzing module FA_518
INFO: [VRFC 10-311] analyzing module FA_519
INFO: [VRFC 10-311] analyzing module FA_52
INFO: [VRFC 10-311] analyzing module FA_520
INFO: [VRFC 10-311] analyzing module FA_521
INFO: [VRFC 10-311] analyzing module FA_522
INFO: [VRFC 10-311] analyzing module FA_523
INFO: [VRFC 10-311] analyzing module FA_524
INFO: [VRFC 10-311] analyzing module FA_525
INFO: [VRFC 10-311] analyzing module FA_526
INFO: [VRFC 10-311] analyzing module FA_527
INFO: [VRFC 10-311] analyzing module FA_53
INFO: [VRFC 10-311] analyzing module FA_54
INFO: [VRFC 10-311] analyzing module FA_547
INFO: [VRFC 10-311] analyzing module FA_548
INFO: [VRFC 10-311] analyzing module FA_549
INFO: [VRFC 10-311] analyzing module FA_55
INFO: [VRFC 10-311] analyzing module FA_550
INFO: [VRFC 10-311] analyzing module FA_551
INFO: [VRFC 10-311] analyzing module FA_552
INFO: [VRFC 10-311] analyzing module FA_553
INFO: [VRFC 10-311] analyzing module FA_554
INFO: [VRFC 10-311] analyzing module FA_555
INFO: [VRFC 10-311] analyzing module FA_556
INFO: [VRFC 10-311] analyzing module FA_557
INFO: [VRFC 10-311] analyzing module FA_558
INFO: [VRFC 10-311] analyzing module FA_559
INFO: [VRFC 10-311] analyzing module FA_56
INFO: [VRFC 10-311] analyzing module FA_560
INFO: [VRFC 10-311] analyzing module FA_561
INFO: [VRFC 10-311] analyzing module FA_562
INFO: [VRFC 10-311] analyzing module FA_563
INFO: [VRFC 10-311] analyzing module FA_564
INFO: [VRFC 10-311] analyzing module FA_565
INFO: [VRFC 10-311] analyzing module FA_566
INFO: [VRFC 10-311] analyzing module FA_567
INFO: [VRFC 10-311] analyzing module FA_568
INFO: [VRFC 10-311] analyzing module FA_569
INFO: [VRFC 10-311] analyzing module FA_57
INFO: [VRFC 10-311] analyzing module FA_570
INFO: [VRFC 10-311] analyzing module FA_571
INFO: [VRFC 10-311] analyzing module FA_572
INFO: [VRFC 10-311] analyzing module FA_58
INFO: [VRFC 10-311] analyzing module FA_581
INFO: [VRFC 10-311] analyzing module FA_582
INFO: [VRFC 10-311] analyzing module FA_583
INFO: [VRFC 10-311] analyzing module FA_584
INFO: [VRFC 10-311] analyzing module FA_585
INFO: [VRFC 10-311] analyzing module FA_586
INFO: [VRFC 10-311] analyzing module FA_587
INFO: [VRFC 10-311] analyzing module FA_588
INFO: [VRFC 10-311] analyzing module FA_589
INFO: [VRFC 10-311] analyzing module FA_59
INFO: [VRFC 10-311] analyzing module FA_590
INFO: [VRFC 10-311] analyzing module FA_591
INFO: [VRFC 10-311] analyzing module FA_592
INFO: [VRFC 10-311] analyzing module FA_593
INFO: [VRFC 10-311] analyzing module FA_594
INFO: [VRFC 10-311] analyzing module FA_595
INFO: [VRFC 10-311] analyzing module FA_596
INFO: [VRFC 10-311] analyzing module FA_597
INFO: [VRFC 10-311] analyzing module FA_598
INFO: [VRFC 10-311] analyzing module FA_60
INFO: [VRFC 10-311] analyzing module FA_61
INFO: [VRFC 10-311] analyzing module FA_62
INFO: [VRFC 10-311] analyzing module FA_63
INFO: [VRFC 10-311] analyzing module FA_64
INFO: [VRFC 10-311] analyzing module FA_65
INFO: [VRFC 10-311] analyzing module FA_66
INFO: [VRFC 10-311] analyzing module FA_67
INFO: [VRFC 10-311] analyzing module FA_87
INFO: [VRFC 10-311] analyzing module FA_88
INFO: [VRFC 10-311] analyzing module FA_89
INFO: [VRFC 10-311] analyzing module FA_90
INFO: [VRFC 10-311] analyzing module FA_91
INFO: [VRFC 10-311] analyzing module FA_92
INFO: [VRFC 10-311] analyzing module FA_93
INFO: [VRFC 10-311] analyzing module FA_94
INFO: [VRFC 10-311] analyzing module FA_95
INFO: [VRFC 10-311] analyzing module FA_96
INFO: [VRFC 10-311] analyzing module FA_97
INFO: [VRFC 10-311] analyzing module FA_98
INFO: [VRFC 10-311] analyzing module FA_99
INFO: [VRFC 10-311] analyzing module FIRST
INFO: [VRFC 10-311] analyzing module FIRST_17
INFO: [VRFC 10-311] analyzing module FIRST_201
INFO: [VRFC 10-311] analyzing module FIRST_215
INFO: [VRFC 10-311] analyzing module FIRST_410
INFO: [VRFC 10-311] analyzing module FIRST_424
INFO: [VRFC 10-311] analyzing module FSM3
INFO: [VRFC 10-311] analyzing module FastRCA_4bit
INFO: [VRFC 10-311] analyzing module FastRCA_4bit_10
INFO: [VRFC 10-311] analyzing module FastRCA_4bit_127
INFO: [VRFC 10-311] analyzing module FastRCA_4bit_128
INFO: [VRFC 10-311] analyzing module FastRCA_4bit_129
INFO: [VRFC 10-311] analyzing module FastRCA_4bit_130
INFO: [VRFC 10-311] analyzing module FastRCA_4bit_131
INFO: [VRFC 10-311] analyzing module FastRCA_4bit_159
INFO: [VRFC 10-311] analyzing module FastRCA_4bit_160
INFO: [VRFC 10-311] analyzing module FastRCA_4bit_161
INFO: [VRFC 10-311] analyzing module FastRCA_4bit_162
INFO: [VRFC 10-311] analyzing module FastRCA_4bit_163
INFO: [VRFC 10-311] analyzing module FastRCA_4bit_205
INFO: [VRFC 10-311] analyzing module FastRCA_4bit_206
INFO: [VRFC 10-311] analyzing module FastRCA_4bit_207
INFO: [VRFC 10-311] analyzing module FastRCA_4bit_21
INFO: [VRFC 10-311] analyzing module FastRCA_4bit_219
INFO: [VRFC 10-311] analyzing module FastRCA_4bit_22
INFO: [VRFC 10-311] analyzing module FastRCA_4bit_220
INFO: [VRFC 10-311] analyzing module FastRCA_4bit_221
INFO: [VRFC 10-311] analyzing module FastRCA_4bit_23
INFO: [VRFC 10-311] analyzing module FastRCA_4bit_243
INFO: [VRFC 10-311] analyzing module FastRCA_4bit_244
INFO: [VRFC 10-311] analyzing module FastRCA_4bit_245
INFO: [VRFC 10-311] analyzing module FastRCA_4bit_246
INFO: [VRFC 10-311] analyzing module FastRCA_4bit_247
INFO: [VRFC 10-311] analyzing module FastRCA_4bit_288
INFO: [VRFC 10-311] analyzing module FastRCA_4bit_289
INFO: [VRFC 10-311] analyzing module FastRCA_4bit_290
INFO: [VRFC 10-311] analyzing module FastRCA_4bit_291
INFO: [VRFC 10-311] analyzing module FastRCA_4bit_292
INFO: [VRFC 10-311] analyzing module FastRCA_4bit_333
INFO: [VRFC 10-311] analyzing module FastRCA_4bit_334
INFO: [VRFC 10-311] analyzing module FastRCA_4bit_335
INFO: [VRFC 10-311] analyzing module FastRCA_4bit_336
INFO: [VRFC 10-311] analyzing module FastRCA_4bit_337
INFO: [VRFC 10-311] analyzing module FastRCA_4bit_367
INFO: [VRFC 10-311] analyzing module FastRCA_4bit_368
INFO: [VRFC 10-311] analyzing module FastRCA_4bit_369
INFO: [VRFC 10-311] analyzing module FastRCA_4bit_37
INFO: [VRFC 10-311] analyzing module FastRCA_4bit_370
INFO: [VRFC 10-311] analyzing module FastRCA_4bit_371
INFO: [VRFC 10-311] analyzing module FastRCA_4bit_38
INFO: [VRFC 10-311] analyzing module FastRCA_4bit_39
INFO: [VRFC 10-311] analyzing module FastRCA_4bit_40
INFO: [VRFC 10-311] analyzing module FastRCA_4bit_41
INFO: [VRFC 10-311] analyzing module FastRCA_4bit_414
INFO: [VRFC 10-311] analyzing module FastRCA_4bit_415
INFO: [VRFC 10-311] analyzing module FastRCA_4bit_416
INFO: [VRFC 10-311] analyzing module FastRCA_4bit_428
INFO: [VRFC 10-311] analyzing module FastRCA_4bit_429
INFO: [VRFC 10-311] analyzing module FastRCA_4bit_430
INFO: [VRFC 10-311] analyzing module FastRCA_4bit_452
INFO: [VRFC 10-311] analyzing module FastRCA_4bit_453
INFO: [VRFC 10-311] analyzing module FastRCA_4bit_454
INFO: [VRFC 10-311] analyzing module FastRCA_4bit_455
INFO: [VRFC 10-311] analyzing module FastRCA_4bit_456
INFO: [VRFC 10-311] analyzing module FastRCA_4bit_497
INFO: [VRFC 10-311] analyzing module FastRCA_4bit_498
INFO: [VRFC 10-311] analyzing module FastRCA_4bit_499
INFO: [VRFC 10-311] analyzing module FastRCA_4bit_500
INFO: [VRFC 10-311] analyzing module FastRCA_4bit_501
INFO: [VRFC 10-311] analyzing module FastRCA_4bit_542
INFO: [VRFC 10-311] analyzing module FastRCA_4bit_543
INFO: [VRFC 10-311] analyzing module FastRCA_4bit_544
INFO: [VRFC 10-311] analyzing module FastRCA_4bit_545
INFO: [VRFC 10-311] analyzing module FastRCA_4bit_546
INFO: [VRFC 10-311] analyzing module FastRCA_4bit_576
INFO: [VRFC 10-311] analyzing module FastRCA_4bit_577
INFO: [VRFC 10-311] analyzing module FastRCA_4bit_578
INFO: [VRFC 10-311] analyzing module FastRCA_4bit_579
INFO: [VRFC 10-311] analyzing module FastRCA_4bit_580
INFO: [VRFC 10-311] analyzing module FastRCA_4bit_82
INFO: [VRFC 10-311] analyzing module FastRCA_4bit_83
INFO: [VRFC 10-311] analyzing module FastRCA_4bit_84
INFO: [VRFC 10-311] analyzing module FastRCA_4bit_85
INFO: [VRFC 10-311] analyzing module FastRCA_4bit_86
INFO: [VRFC 10-311] analyzing module FastRCA_4bit_9
INFO: [VRFC 10-311] analyzing module MUX
INFO: [VRFC 10-311] analyzing module MUX_115
INFO: [VRFC 10-311] analyzing module MUX_116
INFO: [VRFC 10-311] analyzing module MUX_117
INFO: [VRFC 10-311] analyzing module MUX_118
INFO: [VRFC 10-311] analyzing module MUX_231
INFO: [VRFC 10-311] analyzing module MUX_232
INFO: [VRFC 10-311] analyzing module MUX_233
INFO: [VRFC 10-311] analyzing module MUX_234
INFO: [VRFC 10-311] analyzing module MUX_276
INFO: [VRFC 10-311] analyzing module MUX_277
INFO: [VRFC 10-311] analyzing module MUX_278
INFO: [VRFC 10-311] analyzing module MUX_279
INFO: [VRFC 10-311] analyzing module MUX_31
INFO: [VRFC 10-311] analyzing module MUX_32
INFO: [VRFC 10-311] analyzing module MUX_321
INFO: [VRFC 10-311] analyzing module MUX_322
INFO: [VRFC 10-311] analyzing module MUX_323
INFO: [VRFC 10-311] analyzing module MUX_324
INFO: [VRFC 10-311] analyzing module MUX_33
INFO: [VRFC 10-311] analyzing module MUX_440
INFO: [VRFC 10-311] analyzing module MUX_441
INFO: [VRFC 10-311] analyzing module MUX_442
INFO: [VRFC 10-311] analyzing module MUX_443
INFO: [VRFC 10-311] analyzing module MUX_485
INFO: [VRFC 10-311] analyzing module MUX_486
INFO: [VRFC 10-311] analyzing module MUX_487
INFO: [VRFC 10-311] analyzing module MUX_488
INFO: [VRFC 10-311] analyzing module MUX_530
INFO: [VRFC 10-311] analyzing module MUX_531
INFO: [VRFC 10-311] analyzing module MUX_532
INFO: [VRFC 10-311] analyzing module MUX_533
INFO: [VRFC 10-311] analyzing module MUX_70
INFO: [VRFC 10-311] analyzing module MUX_71
INFO: [VRFC 10-311] analyzing module MUX_72
INFO: [VRFC 10-311] analyzing module MUX_73
INFO: [VRFC 10-311] analyzing module PIPE_TO_ADDER
INFO: [VRFC 10-311] analyzing module PIPE_TO_ADDER_19
INFO: [VRFC 10-311] analyzing module PIPE_TO_ADDER_203
INFO: [VRFC 10-311] analyzing module PIPE_TO_ADDER_217
INFO: [VRFC 10-311] analyzing module PIPE_TO_ADDER_412
INFO: [VRFC 10-311] analyzing module PIPE_TO_ADDER_426
INFO: [VRFC 10-311] analyzing module Partial_products
INFO: [VRFC 10-311] analyzing module Partial_products_122
INFO: [VRFC 10-311] analyzing module Partial_products_238
INFO: [VRFC 10-311] analyzing module Partial_products_283
INFO: [VRFC 10-311] analyzing module Partial_products_328
INFO: [VRFC 10-311] analyzing module Partial_products_447
INFO: [VRFC 10-311] analyzing module Partial_products_492
INFO: [VRFC 10-311] analyzing module Partial_products_537
INFO: [VRFC 10-311] analyzing module Partial_products_77
INFO: [VRFC 10-311] analyzing module Pipeline
INFO: [VRFC 10-311] analyzing module Pipeline_125
INFO: [VRFC 10-311] analyzing module Pipeline_241
INFO: [VRFC 10-311] analyzing module Pipeline_286
INFO: [VRFC 10-311] analyzing module Pipeline_3
INFO: [VRFC 10-311] analyzing module Pipeline_331
INFO: [VRFC 10-311] analyzing module Pipeline_3_365
INFO: [VRFC 10-311] analyzing module Pipeline_3_574
INFO: [VRFC 10-311] analyzing module Pipeline_450
INFO: [VRFC 10-311] analyzing module Pipeline_495
INFO: [VRFC 10-311] analyzing module Pipeline_540
INFO: [VRFC 10-311] analyzing module Pipeline_80
INFO: [VRFC 10-311] analyzing module REG8
INFO: [VRFC 10-311] analyzing module REG8_182
INFO: [VRFC 10-311] analyzing module REG8_183
INFO: [VRFC 10-311] analyzing module REG8_184
INFO: [VRFC 10-311] analyzing module REG8_185
INFO: [VRFC 10-311] analyzing module REG8_186
INFO: [VRFC 10-311] analyzing module REG8_187
INFO: [VRFC 10-311] analyzing module REG8_188
INFO: [VRFC 10-311] analyzing module REG8_189
INFO: [VRFC 10-311] analyzing module REG8_190
INFO: [VRFC 10-311] analyzing module REG8_191
INFO: [VRFC 10-311] analyzing module REG8_192
INFO: [VRFC 10-311] analyzing module REG8_193
INFO: [VRFC 10-311] analyzing module REG8_390
INFO: [VRFC 10-311] analyzing module REG8_391
INFO: [VRFC 10-311] analyzing module REG8_392
INFO: [VRFC 10-311] analyzing module REG8_393
INFO: [VRFC 10-311] analyzing module REG8_394
INFO: [VRFC 10-311] analyzing module REG8_395
INFO: [VRFC 10-311] analyzing module REG8_396
INFO: [VRFC 10-311] analyzing module REG8_397
INFO: [VRFC 10-311] analyzing module REG8_398
INFO: [VRFC 10-311] analyzing module REG8_399
INFO: [VRFC 10-311] analyzing module REG8_400
INFO: [VRFC 10-311] analyzing module REG8_401
INFO: [VRFC 10-311] analyzing module REG8_402
INFO: [VRFC 10-311] analyzing module REG8_599
INFO: [VRFC 10-311] analyzing module REG8_600
INFO: [VRFC 10-311] analyzing module REG8_601
INFO: [VRFC 10-311] analyzing module REG8_602
INFO: [VRFC 10-311] analyzing module REG8_603
INFO: [VRFC 10-311] analyzing module REG8_604
INFO: [VRFC 10-311] analyzing module REG8_605
INFO: [VRFC 10-311] analyzing module REG8_606
INFO: [VRFC 10-311] analyzing module REG8_607
INFO: [VRFC 10-311] analyzing module REG8_608
INFO: [VRFC 10-311] analyzing module REG8_609
INFO: [VRFC 10-311] analyzing module REG8_610
INFO: [VRFC 10-311] analyzing module REG8_611
INFO: [VRFC 10-311] analyzing module SATURATION
INFO: [VRFC 10-311] analyzing module SATURATION_198
INFO: [VRFC 10-311] analyzing module SATURATION_407
INFO: [VRFC 10-311] analyzing module SECOND
INFO: [VRFC 10-311] analyzing module SECOND_18
INFO: [VRFC 10-311] analyzing module SECOND_202
INFO: [VRFC 10-311] analyzing module SECOND_216
INFO: [VRFC 10-311] analyzing module SECOND_411
INFO: [VRFC 10-311] analyzing module SECOND_425
INFO: [VRFC 10-311] analyzing module STEP1
INFO: [VRFC 10-311] analyzing module STEP1_123
INFO: [VRFC 10-311] analyzing module STEP1_239
INFO: [VRFC 10-311] analyzing module STEP1_284
INFO: [VRFC 10-311] analyzing module STEP1_3
INFO: [VRFC 10-311] analyzing module STEP1_329
INFO: [VRFC 10-311] analyzing module STEP1_3_364
INFO: [VRFC 10-311] analyzing module STEP1_3_573
INFO: [VRFC 10-311] analyzing module STEP1_448
INFO: [VRFC 10-311] analyzing module STEP1_493
INFO: [VRFC 10-311] analyzing module STEP1_538
INFO: [VRFC 10-311] analyzing module STEP1_78
INFO: [VRFC 10-311] analyzing module STEP2
INFO: [VRFC 10-311] analyzing module STEP2_124
INFO: [VRFC 10-311] analyzing module STEP2_240
INFO: [VRFC 10-311] analyzing module STEP2_285
INFO: [VRFC 10-311] analyzing module STEP2_330
INFO: [VRFC 10-311] analyzing module STEP2_449
INFO: [VRFC 10-311] analyzing module STEP2_494
INFO: [VRFC 10-311] analyzing module STEP2_539
INFO: [VRFC 10-311] analyzing module STEP2_79
INFO: [VRFC 10-311] analyzing module TOP
INFO: [VRFC 10-311] analyzing module TOP_BUF
INFO: [VRFC 10-311] analyzing module TOP_BUF_1
INFO: [VRFC 10-311] analyzing module TOP_BUF_4
INFO: [VRFC 10-311] analyzing module TOP_MULTI
INFO: [VRFC 10-311] analyzing module TOP_MULTI_195
INFO: [VRFC 10-311] analyzing module TOP_MULTI_196
INFO: [VRFC 10-311] analyzing module TOP_MULTI_197
INFO: [VRFC 10-311] analyzing module TOP_MULTI_404
INFO: [VRFC 10-311] analyzing module TOP_MULTI_405
INFO: [VRFC 10-311] analyzing module TOP_MULTI_406
INFO: [VRFC 10-311] analyzing module TOP_MULTI_6
INFO: [VRFC 10-311] analyzing module TOP_MULTI_7
INFO: [VRFC 10-311] analyzing module TOP_PIX
INFO: [VRFC 10-311] analyzing module TOP_PIX_2
INFO: [VRFC 10-311] analyzing module TOP_PIX_5
INFO: [VRFC 10-311] analyzing module booth
INFO: [VRFC 10-311] analyzing module booth_114
INFO: [VRFC 10-311] analyzing module booth_119
INFO: [VRFC 10-311] analyzing module booth_120
INFO: [VRFC 10-311] analyzing module booth_121
INFO: [VRFC 10-311] analyzing module booth_230
INFO: [VRFC 10-311] analyzing module booth_235
INFO: [VRFC 10-311] analyzing module booth_236
INFO: [VRFC 10-311] analyzing module booth_237
INFO: [VRFC 10-311] analyzing module booth_275
INFO: [VRFC 10-311] analyzing module booth_280
INFO: [VRFC 10-311] analyzing module booth_281
INFO: [VRFC 10-311] analyzing module booth_282
INFO: [VRFC 10-311] analyzing module booth_320
INFO: [VRFC 10-311] analyzing module booth_325
INFO: [VRFC 10-311] analyzing module booth_326
INFO: [VRFC 10-311] analyzing module booth_327
INFO: [VRFC 10-311] analyzing module booth_34
INFO: [VRFC 10-311] analyzing module booth_35
INFO: [VRFC 10-311] analyzing module booth_36
INFO: [VRFC 10-311] analyzing module booth_439
INFO: [VRFC 10-311] analyzing module booth_444
INFO: [VRFC 10-311] analyzing module booth_445
INFO: [VRFC 10-311] analyzing module booth_446
INFO: [VRFC 10-311] analyzing module booth_484
INFO: [VRFC 10-311] analyzing module booth_489
INFO: [VRFC 10-311] analyzing module booth_490
INFO: [VRFC 10-311] analyzing module booth_491
INFO: [VRFC 10-311] analyzing module booth_529
INFO: [VRFC 10-311] analyzing module booth_534
INFO: [VRFC 10-311] analyzing module booth_535
INFO: [VRFC 10-311] analyzing module booth_536
INFO: [VRFC 10-311] analyzing module booth_69
INFO: [VRFC 10-311] analyzing module booth_74
INFO: [VRFC 10-311] analyzing module booth_75
INFO: [VRFC 10-311] analyzing module booth_76
INFO: [VRFC 10-311] analyzing module glbl
INFO: [VRFC 10-163] Analyzing VHDL file "C:/Users/raffy/Documents/Vivado_projects/ProgettoV3/project_pix/project_pix.srcs/sim_1/imports/new/TB_TOP_PIX.vhd" into library xil_defaultlib
INFO: [VRFC 10-3107] analyzing entity 'TB_TOP_PIX'
