Vivado Simulator 2018.3
Copyright 1986-1999, 2001-2018 Xilinx, Inc. All Rights Reserved.
Running: C:/Xilinx/Vivado/2018.3/bin/unwrapped/win64.o/xelab.exe -wto 736bab6b9b224f61b5ed17d19316a804 --incr --debug typical --relax --mt 2 -L xil_defaultlib -L unisims_ver -L secureip --snapshot TB_TOP_PIX_func_impl xil_defaultlib.TB_TOP_PIX xil_defaultlib.glbl -log elaborate.log 
Using 2 slave threads.
Starting static elaboration
WARNING: [VRFC 10-3813] value in initialization depends on signal 'temp' [C:/Users/raffy/Documents/Vivado_projects/ProgettoV3/project_pix/project_pix.srcs/sim_1/imports/new/TB_TOP_PIX.vhd:25]
Completed static elaboration
Starting simulation data flow analysis
Completed simulation data flow analysis
Time Resolution for simulation is 1ps
Compiling package std.standard
Compiling package std.textio
Compiling package ieee.std_logic_1164
Compiling package ieee.std_logic_arith
Compiling package ieee.numeric_std
Compiling package ieee.std_logic_textio
Compiling package ieee.std_logic_unsigned
Compiling package vl.vl_types
Compiling module xil_defaultlib.glbl
Compiling module unisims_ver.x_lut3_mux8
Compiling module unisims_ver.LUT3
Compiling module unisims_ver.LUT4
Compiling module unisims_ver.LUT6
Compiling module unisims_ver.LUT5
Compiling module unisims_ver.x_lut2_mux4
Compiling module unisims_ver.LUT2
Compiling module unisims_ver.FDCE_default
Compiling module xil_defaultlib.BUFFER_DECODE
Compiling module xil_defaultlib.REG8_599
Compiling module xil_defaultlib.REG8_600
Compiling module unisims_ver.SRLC32E_default
Compiling module xil_defaultlib.REG8_601
Compiling module unisims_ver.FDRE_default
Compiling module xil_defaultlib.REG8_602
Compiling module xil_defaultlib.REG8_603
Compiling module xil_defaultlib.REG8_604
Compiling module xil_defaultlib.REG8_605
Compiling module xil_defaultlib.REG8_606
Compiling module xil_defaultlib.REG8_607
Compiling module xil_defaultlib.REG8_608
Compiling module xil_defaultlib.REG8_609
Compiling module xil_defaultlib.REG8_610
Compiling module xil_defaultlib.REG8_611
Compiling module xil_defaultlib.TOP_BUF
Compiling module xil_defaultlib.FA_581
Compiling module xil_defaultlib.FA_582
Compiling module xil_defaultlib.FA_583
Compiling module xil_defaultlib.FA_584
Compiling module xil_defaultlib.FA_585
Compiling module xil_defaultlib.FA_586
Compiling module xil_defaultlib.FA_587
Compiling module xil_defaultlib.FA_588
Compiling module xil_defaultlib.FA_589
Compiling module xil_defaultlib.FA_590
Compiling module xil_defaultlib.FA_591
Compiling module xil_defaultlib.FA_592
Compiling module xil_defaultlib.FA_593
Compiling module xil_defaultlib.FA_594
Compiling module xil_defaultlib.FA_595
Compiling module xil_defaultlib.FA_596
Compiling module xil_defaultlib.FA_597
Compiling module xil_defaultlib.FA_598
Compiling module xil_defaultlib.STEP1_3_573
Compiling module unisims_ver.CARRY4
Compiling module xil_defaultlib.FastRCA_4bit_576
Compiling module xil_defaultlib.FastRCA_4bit_577
Compiling module xil_defaultlib.FastRCA_4bit_578
Compiling module xil_defaultlib.FastRCA_4bit_579
Compiling module xil_defaultlib.FastRCA_4bit_580
Compiling module xil_defaultlib.ADDER20_575
Compiling module xil_defaultlib.Pipeline_3_574
Compiling module xil_defaultlib.CARRY_SAVE_3_403
Compiling module xil_defaultlib.FA_561
Compiling module xil_defaultlib.FA_562
Compiling module xil_defaultlib.FA_563
Compiling module xil_defaultlib.FA_564
Compiling module xil_defaultlib.FA_565
Compiling module xil_defaultlib.FA_566
Compiling module xil_defaultlib.FA_567
Compiling module xil_defaultlib.FA_568
Compiling module xil_defaultlib.FA_569
Compiling module xil_defaultlib.FA_570
Compiling module xil_defaultlib.FA_571
Compiling module xil_defaultlib.FA_572
Compiling module xil_defaultlib.STEP1_538
Compiling module xil_defaultlib.FA_547
Compiling module xil_defaultlib.FA_548
Compiling module xil_defaultlib.FA_549
Compiling module xil_defaultlib.FA_550
Compiling module xil_defaultlib.FA_551
Compiling module xil_defaultlib.FA_552
Compiling module xil_defaultlib.FA_553
Compiling module xil_defaultlib.FA_554
Compiling module xil_defaultlib.FA_555
Compiling module xil_defaultlib.FA_556
Compiling module xil_defaultlib.FA_557
Compiling module xil_defaultlib.FA_558
Compiling module xil_defaultlib.FA_559
Compiling module xil_defaultlib.FA_560
Compiling module xil_defaultlib.STEP2_539
Compiling module xil_defaultlib.FastRCA_4bit_542
Compiling module xil_defaultlib.FastRCA_4bit_543
Compiling module xil_defaultlib.FastRCA_4bit_544
Compiling module xil_defaultlib.FastRCA_4bit_545
Compiling module xil_defaultlib.FastRCA_4bit_546
Compiling module xil_defaultlib.ADDER20_541
Compiling module xil_defaultlib.Pipeline_540
Compiling module xil_defaultlib.CARRY_SAVE_528
Compiling module xil_defaultlib.booth_529
Compiling module xil_defaultlib.MUX_530
Compiling module xil_defaultlib.MUX_531
Compiling module xil_defaultlib.MUX_532
Compiling module xil_defaultlib.MUX_533
Compiling module xil_defaultlib.booth_534
Compiling module xil_defaultlib.booth_535
Compiling module xil_defaultlib.booth_536
Compiling module xil_defaultlib.Partial_products_537
Compiling module xil_defaultlib.TOP_MULTI_404
Compiling module xil_defaultlib.FA_516
Compiling module xil_defaultlib.FA_517
Compiling module xil_defaultlib.FA_518
Compiling module xil_defaultlib.FA_519
Compiling module xil_defaultlib.FA_520
Compiling module xil_defaultlib.FA_521
Compiling module xil_defaultlib.FA_522
Compiling module xil_defaultlib.FA_523
Compiling module xil_defaultlib.FA_524
Compiling module xil_defaultlib.FA_525
Compiling module xil_defaultlib.FA_526
Compiling module xil_defaultlib.FA_527
Compiling module xil_defaultlib.STEP1_493
Compiling module xil_defaultlib.FA_502
Compiling module xil_defaultlib.FA_503
Compiling module xil_defaultlib.FA_504
Compiling module xil_defaultlib.FA_505
Compiling module xil_defaultlib.FA_506
Compiling module xil_defaultlib.FA_507
Compiling module xil_defaultlib.FA_508
Compiling module xil_defaultlib.FA_509
Compiling module xil_defaultlib.FA_510
Compiling module xil_defaultlib.FA_511
Compiling module xil_defaultlib.FA_512
Compiling module xil_defaultlib.FA_513
Compiling module xil_defaultlib.FA_514
Compiling module xil_defaultlib.FA_515
Compiling module xil_defaultlib.STEP2_494
Compiling module xil_defaultlib.FastRCA_4bit_497
Compiling module xil_defaultlib.FastRCA_4bit_498
Compiling module xil_defaultlib.FastRCA_4bit_499
Compiling module xil_defaultlib.FastRCA_4bit_500
Compiling module xil_defaultlib.FastRCA_4bit_501
Compiling module xil_defaultlib.ADDER20_496
Compiling module xil_defaultlib.Pipeline_495
Compiling module xil_defaultlib.CARRY_SAVE_483
Compiling module xil_defaultlib.booth_484
Compiling module xil_defaultlib.MUX_485
Compiling module xil_defaultlib.MUX_486
Compiling module xil_defaultlib.MUX_487
Compiling module xil_defaultlib.MUX_488
Compiling module xil_defaultlib.booth_489
Compiling module xil_defaultlib.booth_490
Compiling module xil_defaultlib.booth_491
Compiling module xil_defaultlib.Partial_products_492
Compiling module xil_defaultlib.TOP_MULTI_405
Compiling module xil_defaultlib.FA_471
Compiling module xil_defaultlib.FA_472
Compiling module xil_defaultlib.FA_473
Compiling module xil_defaultlib.FA_474
Compiling module xil_defaultlib.FA_475
Compiling module xil_defaultlib.FA_476
Compiling module xil_defaultlib.FA_477
Compiling module xil_defaultlib.FA_478
Compiling module xil_defaultlib.FA_479
Compiling module xil_defaultlib.FA_480
Compiling module xil_defaultlib.FA_481
Compiling module xil_defaultlib.FA_482
Compiling module xil_defaultlib.STEP1_448
Compiling module xil_defaultlib.FA_457
Compiling module xil_defaultlib.FA_458
Compiling module xil_defaultlib.FA_459
Compiling module xil_defaultlib.FA_460
Compiling module xil_defaultlib.FA_461
Compiling module xil_defaultlib.FA_462
Compiling module xil_defaultlib.FA_463
Compiling module xil_defaultlib.FA_464
Compiling module xil_defaultlib.FA_465
Compiling module xil_defaultlib.FA_466
Compiling module xil_defaultlib.FA_467
Compiling module xil_defaultlib.FA_468
Compiling module xil_defaultlib.FA_469
Compiling module xil_defaultlib.FA_470
Compiling module xil_defaultlib.STEP2_449
Compiling module xil_defaultlib.FastRCA_4bit_452
Compiling module xil_defaultlib.FastRCA_4bit_453
Compiling module xil_defaultlib.FastRCA_4bit_454
Compiling module xil_defaultlib.FastRCA_4bit_455
Compiling module xil_defaultlib.FastRCA_4bit_456
Compiling module xil_defaultlib.ADDER20_451
Compiling module xil_defaultlib.Pipeline_450
Compiling module xil_defaultlib.CARRY_SAVE_438
Compiling module xil_defaultlib.booth_439
Compiling module xil_defaultlib.MUX_440
Compiling module xil_defaultlib.MUX_441
Compiling module xil_defaultlib.MUX_442
Compiling module xil_defaultlib.MUX_443
Compiling module xil_defaultlib.booth_444
Compiling module xil_defaultlib.booth_445
Compiling module xil_defaultlib.booth_446
Compiling module xil_defaultlib.Partial_products_447
Compiling module xil_defaultlib.TOP_MULTI_406
Compiling module xil_defaultlib.SATURATION_407
Compiling module xil_defaultlib.FIRST_424
Compiling module xil_defaultlib.FA_431
Compiling module xil_defaultlib.FA_432
Compiling module xil_defaultlib.FA_433
Compiling module xil_defaultlib.FA_434
Compiling module xil_defaultlib.FA_435
Compiling module xil_defaultlib.FA_436
Compiling module xil_defaultlib.FA_437
Compiling module xil_defaultlib.SECOND_425
Compiling module xil_defaultlib.FastRCA_4bit_428
Compiling module xil_defaultlib.FastRCA_4bit_429
Compiling module xil_defaultlib.FastRCA_4bit_430
Compiling module xil_defaultlib.ADDER12_427
Compiling module xil_defaultlib.PIPE_TO_ADDER_426
Compiling module xil_defaultlib.CARRY_SAVE4_8_408
Compiling module xil_defaultlib.FIRST_410
Compiling module xil_defaultlib.FA_417
Compiling module xil_defaultlib.FA_418
Compiling module xil_defaultlib.FA_419
Compiling module xil_defaultlib.FA_420
Compiling module xil_defaultlib.FA_421
Compiling module xil_defaultlib.FA_422
Compiling module xil_defaultlib.FA_423
Compiling module xil_defaultlib.SECOND_411
Compiling module xil_defaultlib.FastRCA_4bit_414
Compiling module xil_defaultlib.FastRCA_4bit_415
Compiling module xil_defaultlib.FastRCA_4bit_416
Compiling module xil_defaultlib.ADDER12_413
Compiling module xil_defaultlib.PIPE_TO_ADDER_412
Compiling module xil_defaultlib.CARRY_SAVE4_8_409
Compiling module xil_defaultlib.TOP_PIX
Compiling module xil_defaultlib.BUFFER_DECODE_0
Compiling module xil_defaultlib.REG8_390
Compiling module xil_defaultlib.REG8_391
Compiling module xil_defaultlib.REG8_392
Compiling module xil_defaultlib.REG8_393
Compiling module xil_defaultlib.REG8_394
Compiling module xil_defaultlib.REG8_395
Compiling module xil_defaultlib.REG8_396
Compiling module xil_defaultlib.REG8_397
Compiling module xil_defaultlib.REG8_398
Compiling module xil_defaultlib.REG8_399
Compiling module xil_defaultlib.REG8_400
Compiling module xil_defaultlib.REG8_401
Compiling module xil_defaultlib.REG8_402
Compiling module xil_defaultlib.TOP_BUF_1
Compiling module xil_defaultlib.FA_372
Compiling module xil_defaultlib.FA_373
Compiling module xil_defaultlib.FA_374
Compiling module xil_defaultlib.FA_375
Compiling module xil_defaultlib.FA_376
Compiling module xil_defaultlib.FA_377
Compiling module xil_defaultlib.FA_378
Compiling module xil_defaultlib.FA_379
Compiling module xil_defaultlib.FA_380
Compiling module xil_defaultlib.FA_381
Compiling module xil_defaultlib.FA_382
Compiling module xil_defaultlib.FA_383
Compiling module xil_defaultlib.FA_384
Compiling module xil_defaultlib.FA_385
Compiling module xil_defaultlib.FA_386
Compiling module xil_defaultlib.FA_387
Compiling module xil_defaultlib.FA_388
Compiling module xil_defaultlib.FA_389
Compiling module xil_defaultlib.STEP1_3_364
Compiling module xil_defaultlib.FastRCA_4bit_367
Compiling module xil_defaultlib.FastRCA_4bit_368
Compiling module xil_defaultlib.FastRCA_4bit_369
Compiling module xil_defaultlib.FastRCA_4bit_370
Compiling module xil_defaultlib.FastRCA_4bit_371
Compiling module xil_defaultlib.ADDER20_366
Compiling module xil_defaultlib.Pipeline_3_365
Compiling module xil_defaultlib.CARRY_SAVE_3_194
Compiling module xil_defaultlib.FA_352
Compiling module xil_defaultlib.FA_353
Compiling module xil_defaultlib.FA_354
Compiling module xil_defaultlib.FA_355
Compiling module xil_defaultlib.FA_356
Compiling module xil_defaultlib.FA_357
Compiling module xil_defaultlib.FA_358
Compiling module xil_defaultlib.FA_359
Compiling module xil_defaultlib.FA_360
Compiling module xil_defaultlib.FA_361
Compiling module xil_defaultlib.FA_362
Compiling module xil_defaultlib.FA_363
Compiling module xil_defaultlib.STEP1_329
Compiling module xil_defaultlib.FA_338
Compiling module xil_defaultlib.FA_339
Compiling module xil_defaultlib.FA_340
Compiling module xil_defaultlib.FA_341
Compiling module xil_defaultlib.FA_342
Compiling module xil_defaultlib.FA_343
Compiling module xil_defaultlib.FA_344
Compiling module xil_defaultlib.FA_345
Compiling module xil_defaultlib.FA_346
Compiling module xil_defaultlib.FA_347
Compiling module xil_defaultlib.FA_348
Compiling module xil_defaultlib.FA_349
Compiling module xil_defaultlib.FA_350
Compiling module xil_defaultlib.FA_351
Compiling module xil_defaultlib.STEP2_330
Compiling module xil_defaultlib.FastRCA_4bit_333
Compiling module xil_defaultlib.FastRCA_4bit_334
Compiling module xil_defaultlib.FastRCA_4bit_335
Compiling module xil_defaultlib.FastRCA_4bit_336
Compiling module xil_defaultlib.FastRCA_4bit_337
Compiling module xil_defaultlib.ADDER20_332
Compiling module xil_defaultlib.Pipeline_331
Compiling module xil_defaultlib.CARRY_SAVE_319
Compiling module xil_defaultlib.booth_320
Compiling module xil_defaultlib.MUX_321
Compiling module xil_defaultlib.MUX_322
Compiling module xil_defaultlib.MUX_323
Compiling module xil_defaultlib.MUX_324
Compiling module xil_defaultlib.booth_325
Compiling module xil_defaultlib.booth_326
Compiling module xil_defaultlib.booth_327
Compiling module xil_defaultlib.Partial_products_328
Compiling module xil_defaultlib.TOP_MULTI_195
Compiling module xil_defaultlib.FA_307
Compiling module xil_defaultlib.FA_308
Compiling module xil_defaultlib.FA_309
Compiling module xil_defaultlib.FA_310
Compiling module xil_defaultlib.FA_311
Compiling module xil_defaultlib.FA_312
Compiling module xil_defaultlib.FA_313
Compiling module xil_defaultlib.FA_314
Compiling module xil_defaultlib.FA_315
Compiling module xil_defaultlib.FA_316
Compiling module xil_defaultlib.FA_317
Compiling module xil_defaultlib.FA_318
Compiling module xil_defaultlib.STEP1_284
Compiling module xil_defaultlib.FA_293
Compiling module xil_defaultlib.FA_294
Compiling module xil_defaultlib.FA_295
Compiling module xil_defaultlib.FA_296
Compiling module xil_defaultlib.FA_297
Compiling module xil_defaultlib.FA_298
Compiling module xil_defaultlib.FA_299
Compiling module xil_defaultlib.FA_300
Compiling module xil_defaultlib.FA_301
Compiling module xil_defaultlib.FA_302
Compiling module xil_defaultlib.FA_303
Compiling module xil_defaultlib.FA_304
Compiling module xil_defaultlib.FA_305
Compiling module xil_defaultlib.FA_306
Compiling module xil_defaultlib.STEP2_285
Compiling module xil_defaultlib.FastRCA_4bit_288
Compiling module xil_defaultlib.FastRCA_4bit_289
Compiling module xil_defaultlib.FastRCA_4bit_290
Compiling module xil_defaultlib.FastRCA_4bit_291
Compiling module xil_defaultlib.FastRCA_4bit_292
Compiling module xil_defaultlib.ADDER20_287
Compiling module xil_defaultlib.Pipeline_286
Compiling module xil_defaultlib.CARRY_SAVE_274
Compiling module xil_defaultlib.booth_275
Compiling module xil_defaultlib.MUX_276
Compiling module xil_defaultlib.MUX_277
Compiling module xil_defaultlib.MUX_278
Compiling module xil_defaultlib.MUX_279
Compiling module xil_defaultlib.booth_280
Compiling module xil_defaultlib.booth_281
Compiling module xil_defaultlib.booth_282
Compiling module xil_defaultlib.Partial_products_283
Compiling module xil_defaultlib.TOP_MULTI_196
Compiling module xil_defaultlib.FA_262
Compiling module xil_defaultlib.FA_263
Compiling module xil_defaultlib.FA_264
Compiling module xil_defaultlib.FA_265
Compiling module xil_defaultlib.FA_266
Compiling module xil_defaultlib.FA_267
Compiling module xil_defaultlib.FA_268
Compiling module xil_defaultlib.FA_269
Compiling module xil_defaultlib.FA_270
Compiling module xil_defaultlib.FA_271
Compiling module xil_defaultlib.FA_272
Compiling module xil_defaultlib.FA_273
Compiling module xil_defaultlib.STEP1_239
Compiling module xil_defaultlib.FA_248
Compiling module xil_defaultlib.FA_249
Compiling module xil_defaultlib.FA_250
Compiling module xil_defaultlib.FA_251
Compiling module xil_defaultlib.FA_252
Compiling module xil_defaultlib.FA_253
Compiling module xil_defaultlib.FA_254
Compiling module xil_defaultlib.FA_255
Compiling module xil_defaultlib.FA_256
Compiling module xil_defaultlib.FA_257
Compiling module xil_defaultlib.FA_258
Compiling module xil_defaultlib.FA_259
Compiling module xil_defaultlib.FA_260
Compiling module xil_defaultlib.FA_261
Compiling module xil_defaultlib.STEP2_240
Compiling module xil_defaultlib.FastRCA_4bit_243
Compiling module xil_defaultlib.FastRCA_4bit_244
Compiling module xil_defaultlib.FastRCA_4bit_245
Compiling module xil_defaultlib.FastRCA_4bit_246
Compiling module xil_defaultlib.FastRCA_4bit_247
Compiling module xil_defaultlib.ADDER20_242
Compiling module xil_defaultlib.Pipeline_241
Compiling module xil_defaultlib.CARRY_SAVE_229
Compiling module xil_defaultlib.booth_230
Compiling module xil_defaultlib.MUX_231
Compiling module xil_defaultlib.MUX_232
Compiling module xil_defaultlib.MUX_233
Compiling module xil_defaultlib.MUX_234
Compiling module xil_defaultlib.booth_235
Compiling module xil_defaultlib.booth_236
Compiling module xil_defaultlib.booth_237
Compiling module xil_defaultlib.Partial_products_238
Compiling module xil_defaultlib.TOP_MULTI_197
Compiling module xil_defaultlib.SATURATION_198
Compiling module xil_defaultlib.FIRST_215
Compiling module xil_defaultlib.FA_222
Compiling module xil_defaultlib.FA_223
Compiling module xil_defaultlib.FA_224
Compiling module xil_defaultlib.FA_225
Compiling module xil_defaultlib.FA_226
Compiling module xil_defaultlib.FA_227
Compiling module xil_defaultlib.FA_228
Compiling module xil_defaultlib.SECOND_216
Compiling module xil_defaultlib.FastRCA_4bit_219
Compiling module xil_defaultlib.FastRCA_4bit_220
Compiling module xil_defaultlib.FastRCA_4bit_221
Compiling module xil_defaultlib.ADDER12_218
Compiling module xil_defaultlib.PIPE_TO_ADDER_217
Compiling module xil_defaultlib.CARRY_SAVE4_8_199
Compiling module xil_defaultlib.FIRST_201
Compiling module xil_defaultlib.FA_208
Compiling module xil_defaultlib.FA_209
Compiling module xil_defaultlib.FA_210
Compiling module xil_defaultlib.FA_211
Compiling module xil_defaultlib.FA_212
Compiling module xil_defaultlib.FA_213
Compiling module xil_defaultlib.FA_214
Compiling module xil_defaultlib.SECOND_202
Compiling module xil_defaultlib.FastRCA_4bit_205
Compiling module xil_defaultlib.FastRCA_4bit_206
Compiling module xil_defaultlib.FastRCA_4bit_207
Compiling module xil_defaultlib.ADDER12_204
Compiling module xil_defaultlib.PIPE_TO_ADDER_203
Compiling module xil_defaultlib.CARRY_SAVE4_8_200
Compiling module xil_defaultlib.TOP_PIX_2
Compiling module xil_defaultlib.BUFFER_DECODE_3
Compiling module xil_defaultlib.REG8
Compiling module xil_defaultlib.REG8_182
Compiling module xil_defaultlib.REG8_183
Compiling module xil_defaultlib.REG8_184
Compiling module xil_defaultlib.REG8_185
Compiling module xil_defaultlib.REG8_186
Compiling module xil_defaultlib.REG8_187
Compiling module xil_defaultlib.REG8_188
Compiling module xil_defaultlib.REG8_189
Compiling module xil_defaultlib.REG8_190
Compiling module xil_defaultlib.REG8_191
Compiling module xil_defaultlib.REG8_192
Compiling module xil_defaultlib.REG8_193
Compiling module xil_defaultlib.TOP_BUF_4
Compiling module xil_defaultlib.FA_164
Compiling module xil_defaultlib.FA_165
Compiling module xil_defaultlib.FA_166
Compiling module xil_defaultlib.FA_167
Compiling module xil_defaultlib.FA_168
Compiling module xil_defaultlib.FA_169
Compiling module xil_defaultlib.FA_170
Compiling module xil_defaultlib.FA_171
Compiling module xil_defaultlib.FA_172
Compiling module xil_defaultlib.FA_173
Compiling module xil_defaultlib.FA_174
Compiling module xil_defaultlib.FA_175
Compiling module xil_defaultlib.FA_176
Compiling module xil_defaultlib.FA_177
Compiling module xil_defaultlib.FA_178
Compiling module xil_defaultlib.FA_179
Compiling module xil_defaultlib.FA_180
Compiling module xil_defaultlib.FA_181
Compiling module xil_defaultlib.STEP1_3
Compiling module xil_defaultlib.FastRCA_4bit_159
Compiling module xil_defaultlib.FastRCA_4bit_160
Compiling module xil_defaultlib.FastRCA_4bit_161
Compiling module xil_defaultlib.FastRCA_4bit_162
Compiling module xil_defaultlib.FastRCA_4bit_163
Compiling module xil_defaultlib.ADDER20_158
Compiling module xil_defaultlib.Pipeline_3
Compiling module xil_defaultlib.CARRY_SAVE_3
Compiling module xil_defaultlib.FA_146
Compiling module xil_defaultlib.FA_147
Compiling module xil_defaultlib.FA_148
Compiling module xil_defaultlib.FA_149
Compiling module xil_defaultlib.FA_150
Compiling module xil_defaultlib.FA_151
Compiling module xil_defaultlib.FA_152
Compiling module xil_defaultlib.FA_153
Compiling module xil_defaultlib.FA_154
Compiling module xil_defaultlib.FA_155
Compiling module xil_defaultlib.FA_156
Compiling module xil_defaultlib.FA_157
Compiling module xil_defaultlib.STEP1_123
Compiling module xil_defaultlib.FA_132
Compiling module xil_defaultlib.FA_133
Compiling module xil_defaultlib.FA_134
Compiling module xil_defaultlib.FA_135
Compiling module xil_defaultlib.FA_136
Compiling module xil_defaultlib.FA_137
Compiling module xil_defaultlib.FA_138
Compiling module xil_defaultlib.FA_139
Compiling module xil_defaultlib.FA_140
Compiling module xil_defaultlib.FA_141
Compiling module xil_defaultlib.FA_142
Compiling module xil_defaultlib.FA_143
Compiling module xil_defaultlib.FA_144
Compiling module xil_defaultlib.FA_145
Compiling module xil_defaultlib.STEP2_124
Compiling module xil_defaultlib.FastRCA_4bit_127
Compiling module xil_defaultlib.FastRCA_4bit_128
Compiling module xil_defaultlib.FastRCA_4bit_129
Compiling module xil_defaultlib.FastRCA_4bit_130
Compiling module xil_defaultlib.FastRCA_4bit_131
Compiling module xil_defaultlib.ADDER20_126
Compiling module xil_defaultlib.Pipeline_125
Compiling module xil_defaultlib.CARRY_SAVE_113
Compiling module xil_defaultlib.booth_114
Compiling module xil_defaultlib.MUX_115
Compiling module xil_defaultlib.MUX_116
Compiling module xil_defaultlib.MUX_117
Compiling module xil_defaultlib.MUX_118
Compiling module xil_defaultlib.booth_119
Compiling module xil_defaultlib.booth_120
Compiling module xil_defaultlib.booth_121
Compiling module xil_defaultlib.Partial_products_122
Compiling module xil_defaultlib.TOP_MULTI
Compiling module xil_defaultlib.FA_101
Compiling module xil_defaultlib.FA_102
Compiling module xil_defaultlib.FA_103
Compiling module xil_defaultlib.FA_104
Compiling module xil_defaultlib.FA_105
Compiling module xil_defaultlib.FA_106
Compiling module xil_defaultlib.FA_107
Compiling module xil_defaultlib.FA_108
Compiling module xil_defaultlib.FA_109
Compiling module xil_defaultlib.FA_110
Compiling module xil_defaultlib.FA_111
Compiling module xil_defaultlib.FA_112
Compiling module xil_defaultlib.STEP1_78
Compiling module xil_defaultlib.FA_87
Compiling module xil_defaultlib.FA_88
Compiling module xil_defaultlib.FA_89
Compiling module xil_defaultlib.FA_90
Compiling module xil_defaultlib.FA_91
Compiling module xil_defaultlib.FA_92
Compiling module xil_defaultlib.FA_93
Compiling module xil_defaultlib.FA_94
Compiling module xil_defaultlib.FA_95
Compiling module xil_defaultlib.FA_96
Compiling module xil_defaultlib.FA_97
Compiling module xil_defaultlib.FA_98
Compiling module xil_defaultlib.FA_99
Compiling module xil_defaultlib.FA_100
Compiling module xil_defaultlib.STEP2_79
Compiling module xil_defaultlib.FastRCA_4bit_82
Compiling module xil_defaultlib.FastRCA_4bit_83
Compiling module xil_defaultlib.FastRCA_4bit_84
Compiling module xil_defaultlib.FastRCA_4bit_85
Compiling module xil_defaultlib.FastRCA_4bit_86
Compiling module xil_defaultlib.ADDER20_81
Compiling module xil_defaultlib.Pipeline_80
Compiling module xil_defaultlib.CARRY_SAVE_68
Compiling module xil_defaultlib.booth_69
Compiling module xil_defaultlib.MUX_70
Compiling module xil_defaultlib.MUX_71
Compiling module xil_defaultlib.MUX_72
Compiling module xil_defaultlib.MUX_73
Compiling module xil_defaultlib.booth_74
Compiling module xil_defaultlib.booth_75
Compiling module xil_defaultlib.booth_76
Compiling module xil_defaultlib.Partial_products_77
Compiling module xil_defaultlib.TOP_MULTI_6
Compiling module xil_defaultlib.FA_56
Compiling module xil_defaultlib.FA_57
Compiling module xil_defaultlib.FA_58
Compiling module xil_defaultlib.FA_59
Compiling module xil_defaultlib.FA_60
Compiling module xil_defaultlib.FA_61
Compiling module xil_defaultlib.FA_62
Compiling module xil_defaultlib.FA_63
Compiling module xil_defaultlib.FA_64
Compiling module xil_defaultlib.FA_65
Compiling module xil_defaultlib.FA_66
Compiling module xil_defaultlib.FA_67
Compiling module xil_defaultlib.STEP1
Compiling module xil_defaultlib.FA_42
Compiling module xil_defaultlib.FA_43
Compiling module xil_defaultlib.FA_44
Compiling module xil_defaultlib.FA_45
Compiling module xil_defaultlib.FA_46
Compiling module xil_defaultlib.FA_47
Compiling module xil_defaultlib.FA_48
Compiling module xil_defaultlib.FA_49
Compiling module xil_defaultlib.FA_50
Compiling module xil_defaultlib.FA_51
Compiling module xil_defaultlib.FA_52
Compiling module xil_defaultlib.FA_53
Compiling module xil_defaultlib.FA_54
Compiling module xil_defaultlib.FA_55
Compiling module xil_defaultlib.STEP2
Compiling module xil_defaultlib.FastRCA_4bit_37
Compiling module xil_defaultlib.FastRCA_4bit_38
Compiling module xil_defaultlib.FastRCA_4bit_39
Compiling module xil_defaultlib.FastRCA_4bit_40
Compiling module xil_defaultlib.FastRCA_4bit_41
Compiling module xil_defaultlib.ADDER20
Compiling module xil_defaultlib.Pipeline
Compiling module xil_defaultlib.CARRY_SAVE
Compiling module xil_defaultlib.booth
Compiling module xil_defaultlib.MUX
Compiling module xil_defaultlib.MUX_31
Compiling module xil_defaultlib.MUX_32
Compiling module xil_defaultlib.MUX_33
Compiling module xil_defaultlib.booth_34
Compiling module xil_defaultlib.booth_35
Compiling module xil_defaultlib.booth_36
Compiling module xil_defaultlib.Partial_products
Compiling module xil_defaultlib.TOP_MULTI_7
Compiling module xil_defaultlib.SATURATION
Compiling module xil_defaultlib.FIRST_17
Compiling module xil_defaultlib.FA_24
Compiling module xil_defaultlib.FA_25
Compiling module xil_defaultlib.FA_26
Compiling module xil_defaultlib.FA_27
Compiling module xil_defaultlib.FA_28
Compiling module xil_defaultlib.FA_29
Compiling module xil_defaultlib.FA_30
Compiling module xil_defaultlib.SECOND_18
Compiling module xil_defaultlib.FastRCA_4bit_21
Compiling module xil_defaultlib.FastRCA_4bit_22
Compiling module xil_defaultlib.FastRCA_4bit_23
Compiling module xil_defaultlib.ADDER12_20
Compiling module xil_defaultlib.PIPE_TO_ADDER_19
Compiling module xil_defaultlib.CARRY_SAVE4_8
Compiling module xil_defaultlib.FIRST
Compiling module xil_defaultlib.FA
Compiling module xil_defaultlib.FA_11
Compiling module xil_defaultlib.FA_12
Compiling module xil_defaultlib.FA_13
Compiling module xil_defaultlib.FA_14
Compiling module xil_defaultlib.FA_15
Compiling module xil_defaultlib.FA_16
Compiling module xil_defaultlib.SECOND
Compiling module xil_defaultlib.FastRCA_4bit
Compiling module xil_defaultlib.FastRCA_4bit_9
Compiling module xil_defaultlib.FastRCA_4bit_10
Compiling module xil_defaultlib.ADDER12
Compiling module xil_defaultlib.PIPE_TO_ADDER
Compiling module xil_defaultlib.CARRY_SAVE4_8_8
Compiling module xil_defaultlib.TOP_PIX_5
Compiling module unisims_ver.FDPE_default
Compiling module unisims_ver.x_lut1_mux2
Compiling module unisims_ver.LUT1
Compiling module xil_defaultlib.FSM3
Compiling module unisims_ver.BUFG
Compiling module unisims_ver.IBUF
Compiling module unisims_ver.OBUF
Compiling module xil_defaultlib.TOP
Compiling architecture behavioral of entity xil_defaultlib.tb_top_pix
Built simulation snapshot TB_TOP_PIX_func_impl
