INFO: [VRFC 10-2263] Analyzing Verilog file "C:/Users/raffy/Documents/Vivado_projects/TO_GRAY/project_pix/project_pix.sim/sim_1/impl/func/xsim/TB_TOP_PIX_func_impl.v" into library xil_defaultlib
INFO: [VRFC 10-311] analyzing module ADDER20
INFO: [VRFC 10-311] analyzing module ADDER20_114
INFO: [VRFC 10-311] analyzing module ADDER20_146
INFO: [VRFC 10-311] analyzing module ADDER20_295
INFO: [VRFC 10-311] analyzing module ADDER20_340
INFO: [VRFC 10-311] analyzing module ADDER20_379
INFO: [VRFC 10-311] analyzing module ADDER20_413
INFO: [VRFC 10-311] analyzing module ADDER20_482
INFO: [VRFC 10-311] analyzing module ADDER20_527
INFO: [VRFC 10-311] analyzing module ADDER20_566
INFO: [VRFC 10-311] analyzing module ADDER20_600
INFO: [VRFC 10-311] analyzing module ADDER20_75
INFO: [VRFC 10-311] analyzing module ADDER8
INFO: [VRFC 10-311] analyzing module ADDER8_175
INFO: [VRFC 10-311] analyzing module BUFFER_DECODE
INFO: [VRFC 10-311] analyzing module BUFFER_DECODE_1
INFO: [VRFC 10-311] analyzing module BUFFER_DECODE_2
INFO: [VRFC 10-311] analyzing module CARRY_SAVE
INFO: [VRFC 10-311] analyzing module CARRY_SAVE4_8
INFO: [VRFC 10-311] analyzing module CARRY_SAVE4_8_176
INFO: [VRFC 10-311] analyzing module CARRY_SAVE4_8_177
INFO: [VRFC 10-311] analyzing module CARRY_SAVE4_8_178
INFO: [VRFC 10-311] analyzing module CARRY_SAVE4_8_179
INFO: [VRFC 10-311] analyzing module CARRY_SAVE4_8_260
INFO: [VRFC 10-311] analyzing module CARRY_SAVE4_8_261
INFO: [VRFC 10-311] analyzing module CARRY_SAVE4_8_447
INFO: [VRFC 10-311] analyzing module CARRY_SAVE4_8_448
INFO: [VRFC 10-311] analyzing module CARRY_SAVE4_8_9
INFO: [VRFC 10-311] analyzing module CARRY_SAVE_101
INFO: [VRFC 10-311] analyzing module CARRY_SAVE_282
INFO: [VRFC 10-311] analyzing module CARRY_SAVE_3
INFO: [VRFC 10-311] analyzing module CARRY_SAVE_327
INFO: [VRFC 10-311] analyzing module CARRY_SAVE_366
INFO: [VRFC 10-311] analyzing module CARRY_SAVE_3_255
INFO: [VRFC 10-311] analyzing module CARRY_SAVE_3_442
INFO: [VRFC 10-311] analyzing module CARRY_SAVE_469
INFO: [VRFC 10-311] analyzing module CARRY_SAVE_514
INFO: [VRFC 10-311] analyzing module CARRY_SAVE_553
INFO: [VRFC 10-311] analyzing module CARRY_SAVE_62
INFO: [VRFC 10-311] analyzing module FA
INFO: [VRFC 10-311] analyzing module FA_10
INFO: [VRFC 10-311] analyzing module FA_100
INFO: [VRFC 10-311] analyzing module FA_11
INFO: [VRFC 10-311] analyzing module FA_12
INFO: [VRFC 10-311] analyzing module FA_120
INFO: [VRFC 10-311] analyzing module FA_121
INFO: [VRFC 10-311] analyzing module FA_122
INFO: [VRFC 10-311] analyzing module FA_123
INFO: [VRFC 10-311] analyzing module FA_124
INFO: [VRFC 10-311] analyzing module FA_125
INFO: [VRFC 10-311] analyzing module FA_126
INFO: [VRFC 10-311] analyzing module FA_127
INFO: [VRFC 10-311] analyzing module FA_128
INFO: [VRFC 10-311] analyzing module FA_129
INFO: [VRFC 10-311] analyzing module FA_13
INFO: [VRFC 10-311] analyzing module FA_130
INFO: [VRFC 10-311] analyzing module FA_131
INFO: [VRFC 10-311] analyzing module FA_132
INFO: [VRFC 10-311] analyzing module FA_133
INFO: [VRFC 10-311] analyzing module FA_134
INFO: [VRFC 10-311] analyzing module FA_135
INFO: [VRFC 10-311] analyzing module FA_136
INFO: [VRFC 10-311] analyzing module FA_137
INFO: [VRFC 10-311] analyzing module FA_138
INFO: [VRFC 10-311] analyzing module FA_139
INFO: [VRFC 10-311] analyzing module FA_14
INFO: [VRFC 10-311] analyzing module FA_140
INFO: [VRFC 10-311] analyzing module FA_141
INFO: [VRFC 10-311] analyzing module FA_142
INFO: [VRFC 10-311] analyzing module FA_143
INFO: [VRFC 10-311] analyzing module FA_144
INFO: [VRFC 10-311] analyzing module FA_145
INFO: [VRFC 10-311] analyzing module FA_15
INFO: [VRFC 10-311] analyzing module FA_152
INFO: [VRFC 10-311] analyzing module FA_153
INFO: [VRFC 10-311] analyzing module FA_154
INFO: [VRFC 10-311] analyzing module FA_155
INFO: [VRFC 10-311] analyzing module FA_156
INFO: [VRFC 10-311] analyzing module FA_157
INFO: [VRFC 10-311] analyzing module FA_158
INFO: [VRFC 10-311] analyzing module FA_159
INFO: [VRFC 10-311] analyzing module FA_160
INFO: [VRFC 10-311] analyzing module FA_161
INFO: [VRFC 10-311] analyzing module FA_162
INFO: [VRFC 10-311] analyzing module FA_163
INFO: [VRFC 10-311] analyzing module FA_164
INFO: [VRFC 10-311] analyzing module FA_165
INFO: [VRFC 10-311] analyzing module FA_166
INFO: [VRFC 10-311] analyzing module FA_167
INFO: [VRFC 10-311] analyzing module FA_168
INFO: [VRFC 10-311] analyzing module FA_169
INFO: [VRFC 10-311] analyzing module FA_19
INFO: [VRFC 10-311] analyzing module FA_20
INFO: [VRFC 10-311] analyzing module FA_203
INFO: [VRFC 10-311] analyzing module FA_204
INFO: [VRFC 10-311] analyzing module FA_208
INFO: [VRFC 10-311] analyzing module FA_209
INFO: [VRFC 10-311] analyzing module FA_21
INFO: [VRFC 10-311] analyzing module FA_210
INFO: [VRFC 10-311] analyzing module FA_214
INFO: [VRFC 10-311] analyzing module FA_215
INFO: [VRFC 10-311] analyzing module FA_219
INFO: [VRFC 10-311] analyzing module FA_22
INFO: [VRFC 10-311] analyzing module FA_220
INFO: [VRFC 10-311] analyzing module FA_221
INFO: [VRFC 10-311] analyzing module FA_222
INFO: [VRFC 10-311] analyzing module FA_223
INFO: [VRFC 10-311] analyzing module FA_224
INFO: [VRFC 10-311] analyzing module FA_225
INFO: [VRFC 10-311] analyzing module FA_226
INFO: [VRFC 10-311] analyzing module FA_227
INFO: [VRFC 10-311] analyzing module FA_228
INFO: [VRFC 10-311] analyzing module FA_23
INFO: [VRFC 10-311] analyzing module FA_230
INFO: [VRFC 10-311] analyzing module FA_24
INFO: [VRFC 10-311] analyzing module FA_25
INFO: [VRFC 10-311] analyzing module FA_265
INFO: [VRFC 10-311] analyzing module FA_266
INFO: [VRFC 10-311] analyzing module FA_267
INFO: [VRFC 10-311] analyzing module FA_268
INFO: [VRFC 10-311] analyzing module FA_269
INFO: [VRFC 10-311] analyzing module FA_270
INFO: [VRFC 10-311] analyzing module FA_271
INFO: [VRFC 10-311] analyzing module FA_275
INFO: [VRFC 10-311] analyzing module FA_276
INFO: [VRFC 10-311] analyzing module FA_277
INFO: [VRFC 10-311] analyzing module FA_278
INFO: [VRFC 10-311] analyzing module FA_279
INFO: [VRFC 10-311] analyzing module FA_280
INFO: [VRFC 10-311] analyzing module FA_281
INFO: [VRFC 10-311] analyzing module FA_301
INFO: [VRFC 10-311] analyzing module FA_302
INFO: [VRFC 10-311] analyzing module FA_303
INFO: [VRFC 10-311] analyzing module FA_304
INFO: [VRFC 10-311] analyzing module FA_305
INFO: [VRFC 10-311] analyzing module FA_306
INFO: [VRFC 10-311] analyzing module FA_307
INFO: [VRFC 10-311] analyzing module FA_308
INFO: [VRFC 10-311] analyzing module FA_309
INFO: [VRFC 10-311] analyzing module FA_310
INFO: [VRFC 10-311] analyzing module FA_311
INFO: [VRFC 10-311] analyzing module FA_312
INFO: [VRFC 10-311] analyzing module FA_313
INFO: [VRFC 10-311] analyzing module FA_314
INFO: [VRFC 10-311] analyzing module FA_315
INFO: [VRFC 10-311] analyzing module FA_316
INFO: [VRFC 10-311] analyzing module FA_317
INFO: [VRFC 10-311] analyzing module FA_318
INFO: [VRFC 10-311] analyzing module FA_319
INFO: [VRFC 10-311] analyzing module FA_320
INFO: [VRFC 10-311] analyzing module FA_321
INFO: [VRFC 10-311] analyzing module FA_322
INFO: [VRFC 10-311] analyzing module FA_323
INFO: [VRFC 10-311] analyzing module FA_324
INFO: [VRFC 10-311] analyzing module FA_325
INFO: [VRFC 10-311] analyzing module FA_326
INFO: [VRFC 10-311] analyzing module FA_346
INFO: [VRFC 10-311] analyzing module FA_347
INFO: [VRFC 10-311] analyzing module FA_348
INFO: [VRFC 10-311] analyzing module FA_349
INFO: [VRFC 10-311] analyzing module FA_350
INFO: [VRFC 10-311] analyzing module FA_351
INFO: [VRFC 10-311] analyzing module FA_352
INFO: [VRFC 10-311] analyzing module FA_353
INFO: [VRFC 10-311] analyzing module FA_354
INFO: [VRFC 10-311] analyzing module FA_355
INFO: [VRFC 10-311] analyzing module FA_356
INFO: [VRFC 10-311] analyzing module FA_357
INFO: [VRFC 10-311] analyzing module FA_358
INFO: [VRFC 10-311] analyzing module FA_359
INFO: [VRFC 10-311] analyzing module FA_36
INFO: [VRFC 10-311] analyzing module FA_360
INFO: [VRFC 10-311] analyzing module FA_361
INFO: [VRFC 10-311] analyzing module FA_362
INFO: [VRFC 10-311] analyzing module FA_363
INFO: [VRFC 10-311] analyzing module FA_364
INFO: [VRFC 10-311] analyzing module FA_365
INFO: [VRFC 10-311] analyzing module FA_37
INFO: [VRFC 10-311] analyzing module FA_38
INFO: [VRFC 10-311] analyzing module FA_385
INFO: [VRFC 10-311] analyzing module FA_386
INFO: [VRFC 10-311] analyzing module FA_387
INFO: [VRFC 10-311] analyzing module FA_388
INFO: [VRFC 10-311] analyzing module FA_389
INFO: [VRFC 10-311] analyzing module FA_39
INFO: [VRFC 10-311] analyzing module FA_390
INFO: [VRFC 10-311] analyzing module FA_391
INFO: [VRFC 10-311] analyzing module FA_392
INFO: [VRFC 10-311] analyzing module FA_393
INFO: [VRFC 10-311] analyzing module FA_394
INFO: [VRFC 10-311] analyzing module FA_395
INFO: [VRFC 10-311] analyzing module FA_396
INFO: [VRFC 10-311] analyzing module FA_397
INFO: [VRFC 10-311] analyzing module FA_398
INFO: [VRFC 10-311] analyzing module FA_399
INFO: [VRFC 10-311] analyzing module FA_40
INFO: [VRFC 10-311] analyzing module FA_400
INFO: [VRFC 10-311] analyzing module FA_401
INFO: [VRFC 10-311] analyzing module FA_402
INFO: [VRFC 10-311] analyzing module FA_403
INFO: [VRFC 10-311] analyzing module FA_404
INFO: [VRFC 10-311] analyzing module FA_405
INFO: [VRFC 10-311] analyzing module FA_406
INFO: [VRFC 10-311] analyzing module FA_407
INFO: [VRFC 10-311] analyzing module FA_408
INFO: [VRFC 10-311] analyzing module FA_409
INFO: [VRFC 10-311] analyzing module FA_41
INFO: [VRFC 10-311] analyzing module FA_410
INFO: [VRFC 10-311] analyzing module FA_419
INFO: [VRFC 10-311] analyzing module FA_42
INFO: [VRFC 10-311] analyzing module FA_420
INFO: [VRFC 10-311] analyzing module FA_421
INFO: [VRFC 10-311] analyzing module FA_422
INFO: [VRFC 10-311] analyzing module FA_423
INFO: [VRFC 10-311] analyzing module FA_424
INFO: [VRFC 10-311] analyzing module FA_425
INFO: [VRFC 10-311] analyzing module FA_426
INFO: [VRFC 10-311] analyzing module FA_427
INFO: [VRFC 10-311] analyzing module FA_428
INFO: [VRFC 10-311] analyzing module FA_429
INFO: [VRFC 10-311] analyzing module FA_43
INFO: [VRFC 10-311] analyzing module FA_430
INFO: [VRFC 10-311] analyzing module FA_431
INFO: [VRFC 10-311] analyzing module FA_432
INFO: [VRFC 10-311] analyzing module FA_433
INFO: [VRFC 10-311] analyzing module FA_434
INFO: [VRFC 10-311] analyzing module FA_435
INFO: [VRFC 10-311] analyzing module FA_436
INFO: [VRFC 10-311] analyzing module FA_44
INFO: [VRFC 10-311] analyzing module FA_45
INFO: [VRFC 10-311] analyzing module FA_452
INFO: [VRFC 10-311] analyzing module FA_453
INFO: [VRFC 10-311] analyzing module FA_454
INFO: [VRFC 10-311] analyzing module FA_455
INFO: [VRFC 10-311] analyzing module FA_456
INFO: [VRFC 10-311] analyzing module FA_457
INFO: [VRFC 10-311] analyzing module FA_458
INFO: [VRFC 10-311] analyzing module FA_46
INFO: [VRFC 10-311] analyzing module FA_462
INFO: [VRFC 10-311] analyzing module FA_463
INFO: [VRFC 10-311] analyzing module FA_464
INFO: [VRFC 10-311] analyzing module FA_465
INFO: [VRFC 10-311] analyzing module FA_466
INFO: [VRFC 10-311] analyzing module FA_467
INFO: [VRFC 10-311] analyzing module FA_468
INFO: [VRFC 10-311] analyzing module FA_47
INFO: [VRFC 10-311] analyzing module FA_48
INFO: [VRFC 10-311] analyzing module FA_488
INFO: [VRFC 10-311] analyzing module FA_489
INFO: [VRFC 10-311] analyzing module FA_49
INFO: [VRFC 10-311] analyzing module FA_490
INFO: [VRFC 10-311] analyzing module FA_491
INFO: [VRFC 10-311] analyzing module FA_492
INFO: [VRFC 10-311] analyzing module FA_493
INFO: [VRFC 10-311] analyzing module FA_494
INFO: [VRFC 10-311] analyzing module FA_495
INFO: [VRFC 10-311] analyzing module FA_496
INFO: [VRFC 10-311] analyzing module FA_497
INFO: [VRFC 10-311] analyzing module FA_498
INFO: [VRFC 10-311] analyzing module FA_499
INFO: [VRFC 10-311] analyzing module FA_50
INFO: [VRFC 10-311] analyzing module FA_500
INFO: [VRFC 10-311] analyzing module FA_501
INFO: [VRFC 10-311] analyzing module FA_502
INFO: [VRFC 10-311] analyzing module FA_503
INFO: [VRFC 10-311] analyzing module FA_504
INFO: [VRFC 10-311] analyzing module FA_505
INFO: [VRFC 10-311] analyzing module FA_506
INFO: [VRFC 10-311] analyzing module FA_507
INFO: [VRFC 10-311] analyzing module FA_508
INFO: [VRFC 10-311] analyzing module FA_509
INFO: [VRFC 10-311] analyzing module FA_51
INFO: [VRFC 10-311] analyzing module FA_510
INFO: [VRFC 10-311] analyzing module FA_511
INFO: [VRFC 10-311] analyzing module FA_512
INFO: [VRFC 10-311] analyzing module FA_513
INFO: [VRFC 10-311] analyzing module FA_52
INFO: [VRFC 10-311] analyzing module FA_53
INFO: [VRFC 10-311] analyzing module FA_533
INFO: [VRFC 10-311] analyzing module FA_534
INFO: [VRFC 10-311] analyzing module FA_535
INFO: [VRFC 10-311] analyzing module FA_536
INFO: [VRFC 10-311] analyzing module FA_537
INFO: [VRFC 10-311] analyzing module FA_538
INFO: [VRFC 10-311] analyzing module FA_539
INFO: [VRFC 10-311] analyzing module FA_54
INFO: [VRFC 10-311] analyzing module FA_540
INFO: [VRFC 10-311] analyzing module FA_541
INFO: [VRFC 10-311] analyzing module FA_542
INFO: [VRFC 10-311] analyzing module FA_543
INFO: [VRFC 10-311] analyzing module FA_544
INFO: [VRFC 10-311] analyzing module FA_545
INFO: [VRFC 10-311] analyzing module FA_546
INFO: [VRFC 10-311] analyzing module FA_547
INFO: [VRFC 10-311] analyzing module FA_548
INFO: [VRFC 10-311] analyzing module FA_549
INFO: [VRFC 10-311] analyzing module FA_55
INFO: [VRFC 10-311] analyzing module FA_550
INFO: [VRFC 10-311] analyzing module FA_551
INFO: [VRFC 10-311] analyzing module FA_552
INFO: [VRFC 10-311] analyzing module FA_56
INFO: [VRFC 10-311] analyzing module FA_57
INFO: [VRFC 10-311] analyzing module FA_572
INFO: [VRFC 10-311] analyzing module FA_573
INFO: [VRFC 10-311] analyzing module FA_574
INFO: [VRFC 10-311] analyzing module FA_575
INFO: [VRFC 10-311] analyzing module FA_576
INFO: [VRFC 10-311] analyzing module FA_577
INFO: [VRFC 10-311] analyzing module FA_578
INFO: [VRFC 10-311] analyzing module FA_579
INFO: [VRFC 10-311] analyzing module FA_58
INFO: [VRFC 10-311] analyzing module FA_580
INFO: [VRFC 10-311] analyzing module FA_581
INFO: [VRFC 10-311] analyzing module FA_582
INFO: [VRFC 10-311] analyzing module FA_583
INFO: [VRFC 10-311] analyzing module FA_584
INFO: [VRFC 10-311] analyzing module FA_585
INFO: [VRFC 10-311] analyzing module FA_586
INFO: [VRFC 10-311] analyzing module FA_587
INFO: [VRFC 10-311] analyzing module FA_588
INFO: [VRFC 10-311] analyzing module FA_589
INFO: [VRFC 10-311] analyzing module FA_59
INFO: [VRFC 10-311] analyzing module FA_590
INFO: [VRFC 10-311] analyzing module FA_591
INFO: [VRFC 10-311] analyzing module FA_592
INFO: [VRFC 10-311] analyzing module FA_593
INFO: [VRFC 10-311] analyzing module FA_594
INFO: [VRFC 10-311] analyzing module FA_595
INFO: [VRFC 10-311] analyzing module FA_596
INFO: [VRFC 10-311] analyzing module FA_597
INFO: [VRFC 10-311] analyzing module FA_60
INFO: [VRFC 10-311] analyzing module FA_606
INFO: [VRFC 10-311] analyzing module FA_607
INFO: [VRFC 10-311] analyzing module FA_608
INFO: [VRFC 10-311] analyzing module FA_609
INFO: [VRFC 10-311] analyzing module FA_61
INFO: [VRFC 10-311] analyzing module FA_610
INFO: [VRFC 10-311] analyzing module FA_611
INFO: [VRFC 10-311] analyzing module FA_612
INFO: [VRFC 10-311] analyzing module FA_613
INFO: [VRFC 10-311] analyzing module FA_614
INFO: [VRFC 10-311] analyzing module FA_615
INFO: [VRFC 10-311] analyzing module FA_616
INFO: [VRFC 10-311] analyzing module FA_617
INFO: [VRFC 10-311] analyzing module FA_618
INFO: [VRFC 10-311] analyzing module FA_619
INFO: [VRFC 10-311] analyzing module FA_620
INFO: [VRFC 10-311] analyzing module FA_621
INFO: [VRFC 10-311] analyzing module FA_622
INFO: [VRFC 10-311] analyzing module FA_623
INFO: [VRFC 10-311] analyzing module FA_81
INFO: [VRFC 10-311] analyzing module FA_82
INFO: [VRFC 10-311] analyzing module FA_83
INFO: [VRFC 10-311] analyzing module FA_84
INFO: [VRFC 10-311] analyzing module FA_85
INFO: [VRFC 10-311] analyzing module FA_86
